Performing C SOURCE FILE Test SUPPORTS_LLD failed with the following output:
Change Dir: /home/davidrussell/mujoco_mpc/cmake-build-debug/CMakeFiles/CMakeTmp

Run Build Command(s):/opt/clion-2022.3.3/bin/ninja/linux/x64/ninja cmTC_d8135 && [1/2] Building C object CMakeFiles/cmTC_d8135.dir/src.c.o
[2/2] Linking C executable cmTC_d8135
FAILED: cmTC_d8135 
: && /usr/bin/cc  -fuse-ld=lld CMakeFiles/cmTC_d8135.dir/src.c.o -o cmTC_d8135   && :
collect2: fatal error: cannot find ‘ld’
compilation terminated.
ninja: build stopped: subcommand failed.


Source file was:
int main() {}
Performing C SOURCE FILE Test CMAKE_HAVE_LIBC_PTHREAD failed with the following output:
Change Dir: /home/davidrussell/mujoco_mpc/cmake-build-debug/CMakeFiles/CMakeTmp

Run Build Command(s):/opt/clion-2022.3.3/bin/ninja/linux/x64/ninja cmTC_0747d && [1/2] Building C object CMakeFiles/cmTC_0747d.dir/src.c.o
[2/2] Linking C executable cmTC_0747d
FAILED: cmTC_0747d 
: && /usr/bin/cc   CMakeFiles/cmTC_0747d.dir/src.c.o -o cmTC_0747d   && :
/usr/bin/ld: CMakeFiles/cmTC_0747d.dir/src.c.o: in function `main':
src.c:(.text+0x46): undefined reference to `pthread_create'
/usr/bin/ld: src.c:(.text+0x52): undefined reference to `pthread_detach'
/usr/bin/ld: src.c:(.text+0x5e): undefined reference to `pthread_cancel'
/usr/bin/ld: src.c:(.text+0x6f): undefined reference to `pthread_join'
collect2: error: ld returned 1 exit status
ninja: build stopped: subcommand failed.


Source file was:
#include <pthread.h>

static void* test_func(void* data)
{
  return data;
}

int main(void)
{
  pthread_t thread;
  pthread_create(&thread, NULL, test_func, NULL);
  pthread_detach(thread);
  pthread_cancel(thread);
  pthread_join(thread, NULL);
  pthread_atfork(NULL, NULL, NULL);
  pthread_exit(NULL);

  return 0;
}

Determining if the function pthread_create exists in the pthreads failed with the following output:
Change Dir: /home/davidrussell/mujoco_mpc/cmake-build-debug/CMakeFiles/CMakeTmp

Run Build Command(s):/opt/clion-2022.3.3/bin/ninja/linux/x64/ninja cmTC_03aa9 && [1/2] Building C object CMakeFiles/cmTC_03aa9.dir/CheckFunctionExists.c.o
[2/2] Linking C executable cmTC_03aa9
FAILED: cmTC_03aa9 
: && /usr/bin/cc -DCHECK_FUNCTION_EXISTS=pthread_create  CMakeFiles/cmTC_03aa9.dir/CheckFunctionExists.c.o -o cmTC_03aa9  -lpthreads && :
/usr/bin/ld: cannot find -lpthreads
collect2: error: ld returned 1 exit status
ninja: build stopped: subcommand failed.



